
  You can now view your Streamlit app in your browser.

  Local URL: http://localhost:8503
  Network URL: http://192.168.1.218:8503
  External URL: http://71.172.19.57:8503

  For better performance, install the Watchdog module:

  $ xcode-select --install
  $ pip install watchdog
            

=== RX GLITCH — RESULTS (sorted by score) ===
STATUS  CLAIM     PAYER              CPT    DX      U   CHARGE SCORE  DENIALS / NOTES
-------------------------------------------------------------------------------------
DENY    CLM-0001  PAYER-UHC-001      99213  J30.9   1      165   100 — Missing auth for payer that often requires it on 99213 w/ chronic mgmt → expect CO-15
DENY    CLM-0002  PAYER-ELEVANCE-001 93000  R51.9   1      140   100 — EKG for headache (weak medical necessity) → CPT–ICD mismatch → CO-11
DENY    CLM-0003  PAYER-CENTENE-001  71046  J18.9   1      220   100 — Clean combo (CPT/DX approved) → should PASS
DENY    CLM-0004  PAYER-HUMANA-001   81001  N39.0   1       75   100 — Clean UTI workup → PASS
DENY    CLM-0005  PAYER-AETNA-001    80050  Z00.00  1      280   100 — General health panel during preventive visit → may PASS depending on plan
DENY    CLM-0006  PAYER-KAISER-001   36415  E11.9   3       90   100 — Units likely too high for payer policy → CO-222 risk
DENY    CLM-0007  PAYER-HCSC-001     99214  Z00.00  1      210   100 — DOS outside filing window (assume 90–120d) → CO-29
DENY    CLM-0008  PAYER-CIGNA-001    90686  Z23     1       60   100 — Flu vax with vaccine encounter → PASS
DENY    CLM-0009  PAYER-BCBS-001     90471  Z23     1       45   100 — Vaccine admin w/o vaccine line present (expect bundling/coverage confusion) → CO-97
DENY    CLM-0010  PAYER-AMERIGROUP-001 99213  I10     1      165   100 — Established visit for HTN → PASS
DENY    CLM-0011  PAYER-GUIDEWELL-001 99213  J30.9   1      165   100 — DUPLICATE of CLM-0001 (same CPT/DX/DOS/patient surrogate) → CO-18
DENY    CLM-0012  PAYER-OSC-001      93000  I10     1      500   100 — Charge >> allowed; modifier 59 present but price is excessive → CO-45

🟢 PASS  |  🟡 WARN  |  🔴 DENY


✅ All claims passed glitch checks. No issues detected.

💾 Saved flagged claims to flagged_claims_output.csv
  Stopping...

  You can now view your Streamlit app in your browser.

  Local URL: http://localhost:8503
  Network URL: http://192.168.1.218:8503
  External URL: http://71.172.19.57:8503

  For better performance, install the Watchdog module:

  $ xcode-select --install
  $ pip install watchdog
            

=== RX GLITCH — RESULTS (sorted by score) ===
STATUS  CLAIM     PAYER              CPT    DX      U   CHARGE SCORE  DENIALS / NOTES
-------------------------------------------------------------------------------------
DENY    CLM-0001  PAYER-UHC-001      99213  J30.9   1      165   100 — Missing auth for payer that often requires it on 99213 w/ chronic mgmt → expect CO-15
DENY    CLM-0002  PAYER-ELEVANCE-001 93000  R51.9   1      140   100 — EKG for headache (weak medical necessity) → CPT–ICD mismatch → CO-11
DENY    CLM-0003  PAYER-CENTENE-001  71046  J18.9   1      220   100 — Clean combo (CPT/DX approved) → should PASS
DENY    CLM-0004  PAYER-HUMANA-001   81001  N39.0   1       75   100 — Clean UTI workup → PASS
DENY    CLM-0005  PAYER-AETNA-001    80050  Z00.00  1      280   100 — General health panel during preventive visit → may PASS depending on plan
DENY    CLM-0006  PAYER-KAISER-001   36415  E11.9   3       90   100 — Units likely too high for payer policy → CO-222 risk
DENY    CLM-0007  PAYER-HCSC-001     99214  Z00.00  1      210   100 — DOS outside filing window (assume 90–120d) → CO-29
DENY    CLM-0008  PAYER-CIGNA-001    90686  Z23     1       60   100 — Flu vax with vaccine encounter → PASS
DENY    CLM-0009  PAYER-BCBS-001     90471  Z23     1       45   100 — Vaccine admin w/o vaccine line present (expect bundling/coverage confusion) → CO-97
DENY    CLM-0010  PAYER-AMERIGROUP-001 99213  I10     1      165   100 — Established visit for HTN → PASS
DENY    CLM-0011  PAYER-GUIDEWELL-001 99213  J30.9   1      165   100 — DUPLICATE of CLM-0001 (same CPT/DX/DOS/patient surrogate) → CO-18
DENY    CLM-0012  PAYER-OSC-001      93000  I10     1      500   100 — Charge >> allowed; modifier 59 present but price is excessive → CO-45

🟢 PASS  |  🟡 WARN  |  🔴 DENY


✅ All claims passed glitch checks. No issues detected.

💾 Saved flagged claims to flagged_claims_output.csv

  You can now view your Streamlit app in your browser.

  Local URL: http://localhost:8503
  Network URL: http://192.168.1.218:8503
  External URL: http://71.172.19.57:8503

  For better performance, install the Watchdog module:

  $ xcode-select --install
  $ pip install watchdog
            

=== RX GLITCH — RESULTS (sorted by score) ===
STATUS  CLAIM     PAYER              CPT    DX      U   CHARGE SCORE  DENIALS / NOTES
-------------------------------------------------------------------------------------
DENY    CLM-0001  PAYER-UHC-001      99213  J30.9   1      165   100 — Missing auth for payer that often requires it on 99213 w/ chronic mgmt → expect CO-15
DENY    CLM-0002  PAYER-ELEVANCE-001 93000  R51.9   1      140   100 — EKG for headache (weak medical necessity) → CPT–ICD mismatch → CO-11
DENY    CLM-0003  PAYER-CENTENE-001  71046  J18.9   1      220   100 — Clean combo (CPT/DX approved) → should PASS
DENY    CLM-0004  PAYER-HUMANA-001   81001  N39.0   1       75   100 — Clean UTI workup → PASS
DENY    CLM-0005  PAYER-AETNA-001    80050  Z00.00  1      280   100 — General health panel during preventive visit → may PASS depending on plan
DENY    CLM-0006  PAYER-KAISER-001   36415  E11.9   3       90   100 — Units likely too high for payer policy → CO-222 risk
DENY    CLM-0007  PAYER-HCSC-001     99214  Z00.00  1      210   100 — DOS outside filing window (assume 90–120d) → CO-29
DENY    CLM-0008  PAYER-CIGNA-001    90686  Z23     1       60   100 — Flu vax with vaccine encounter → PASS
DENY    CLM-0009  PAYER-BCBS-001     90471  Z23     1       45   100 — Vaccine admin w/o vaccine line present (expect bundling/coverage confusion) → CO-97
DENY    CLM-0010  PAYER-AMERIGROUP-001 99213  I10     1      165   100 — Established visit for HTN → PASS
DENY    CLM-0011  PAYER-GUIDEWELL-001 99213  J30.9   1      165   100 — DUPLICATE of CLM-0001 (same CPT/DX/DOS/patient surrogate) → CO-18
DENY    CLM-0012  PAYER-OSC-001      93000  I10     1      500   100 — Charge >> allowed; modifier 59 present but price is excessive → CO-45

🟢 PASS  |  🟡 WARN  |  🔴 DENY


✅ All claims passed glitch checks. No issues detected.

💾 Saved flagged claims to flagged_claims_output.csv

  You can now view your Streamlit app in your browser.

  Local URL: http://localhost:8503
  Network URL: http://192.168.1.218:8503
  External URL: http://71.172.19.57:8503

  For better performance, install the Watchdog module:

  $ xcode-select --install
  $ pip install watchdog
            

  You can now view your Streamlit app in your browser.

  Local URL: http://localhost:8503
  Network URL: http://192.168.1.218:8503
  External URL: http://71.172.19.57:8503

  For better performance, install the Watchdog module:

  $ xcode-select --install
  $ pip install watchdog
            

  You can now view your Streamlit app in your browser.

  Local URL: http://localhost:8503
  Network URL: http://192.168.1.218:8503
  External URL: http://71.172.19.57:8503

  For better performance, install the Watchdog module:

  $ xcode-select --install
  $ pip install watchdog
            

  You can now view your Streamlit app in your browser.

  Local URL: http://localhost:8503
  Network URL: http://192.168.1.218:8503
  External URL: http://71.172.19.57:8503

  For better performance, install the Watchdog module:

  $ xcode-select --install
  $ pip install watchdog
            

  You can now view your Streamlit app in your browser.

  Local URL: http://localhost:8503
  Network URL: http://192.168.1.218:8503
  External URL: http://71.172.19.57:8503

  For better performance, install the Watchdog module:

  $ xcode-select --install
  $ pip install watchdog
            

  You can now view your Streamlit app in your browser.

  Local URL: http://localhost:8503
  Network URL: http://192.168.1.218:8503
  External URL: http://71.172.19.57:8503

  For better performance, install the Watchdog module:

  $ xcode-select --install
  $ pip install watchdog
            

  You can now view your Streamlit app in your browser.

  Local URL: http://localhost:8503
  Network URL: http://192.168.1.218:8503
  External URL: http://71.172.19.57:8503

  For better performance, install the Watchdog module:

  $ xcode-select --install
  $ pip install watchdog
            

  You can now view your Streamlit app in your browser.

  Local URL: http://localhost:8503
  Network URL: http://192.168.1.218:8503
  External URL: http://71.172.19.57:8503

  For better performance, install the Watchdog module:

  $ xcode-select --install
  $ pip install watchdog
            

  You can now view your Streamlit app in your browser.

  Local URL: http://localhost:8503
  Network URL: http://192.168.1.218:8503
  External URL: http://71.172.19.57:8503

  For better performance, install the Watchdog module:

  $ xcode-select --install
  $ pip install watchdog
            
